<?xml version="1.0" encoding="UTF-8"?>
<!-- Generated by org.testng.reporters.JUnitReportReporter -->
<testsuite hostname="DESKTOP-E3EOGA4" failures="0" tests="1" name="steps.testOne" time="2.756" errors="0" timestamp="2022-11-06T15:33:04 PKT" skipped="0">
  <testcase classname="steps.testOne" name="test_1" time="2.756"/>
  <system-out/>
</testsuite> <!-- steps.testOne -->
